Start testing: Mar 25 11:20 CST
----------------------------------------------------------
1/1 Testing: UnitTest
1/1 Test: UnitTest
Command: "/home/coups/CP2024/build/UnitTests_catch2"
Directory: /home/coups/CP2024/build
"UnitTest" start time: Mar 25 11:20 CST
Output:
----------------------------------------------------------
Randomness seeded to: 1350350932
===============================================================================
All tests passed (64 assertions in 4 test cases)

<end of output>
Test time =   0.01 sec
----------------------------------------------------------
Test Passed.
"UnitTest" end time: Mar 25 11:20 CST
"UnitTest" time elapsed: 00:00:00
----------------------------------------------------------

End testing: Mar 25 11:20 CST
